<?xml version="1.0" encoding="UTF-8"?>
<!-- Generated by org.testng.reporters.JUnitXMLReporter -->
<testsuite hostname="Anu-pc" ignored="0" name="Default test" tests="3" failures="1" timestamp="2023-04-07T23:50:04 IST" time="6.294" errors="0">
  <testcase name="testcase1_get" time="4.246" classname="com.epoccoverter.testcases.TC2_Getrequest"/>
  <testcase name="testcase2_invalidtimestamp" time="1.039" classname="com.epoccoverter.testcases.TC2_Getrequest">
    <failure type="java.lang.AssertionError" message="expected [false] but found [&amp;lt;!DOCTYPE HTML PUBLIC &amp;quot;-//IETF//DTD HTML 2.0//EN&amp;quot;&amp;gt;
&amp;lt;html&amp;gt;&amp;lt;head&amp;gt;
&amp;lt;title&amp;gt;403 Forbidden&amp;lt;/title&amp;gt;
&amp;lt;script src=&amp;quot;/cdn-cgi/apps/head/d68TQN-2Nl9xNJpFHLNJ6Jj2TPo.js&amp;quot;&amp;gt;&amp;lt;/script&amp;gt;&amp;lt;/head&amp;gt;&amp;lt;body&amp;gt;
&amp;lt;h1&amp;gt;Forbidden&amp;lt;/h1&amp;gt;
&amp;lt;p&amp;gt;You don&amp;apos;t have permission to access this resource.&amp;lt;/p&amp;gt;
&amp;lt;hr&amp;gt;
&amp;lt;address&amp;gt;Apache/2.4.52 (Ubuntu) Server at helloacm.com Port 80&amp;lt;/address&amp;gt;
&amp;lt;script&amp;gt;(function(){var js = &amp;quot;window[&amp;apos;__CF$cv$params&amp;apos;]={r:&amp;apos;7b4447b1dfa97949&amp;apos;,m:&amp;apos;JqIJPaOBIUr5CM4OIidl6JO.3JxGewnHPPwWBo6LI1Y-1680891579-0-AV0oZf9XaWZF+lRKXeTn4Kyuyo2yzldLN39MnVZQ/dX6UFAdWAbxSzsh7f6aoVYDkm13PQ9QdeK3by8CfwGTv1GSlvuvhFsTVCwK7YXC7/6AL+f0Y8lyn/gMwX/a0FrQYS6jkY8b/LFTjMGNSRsKpOIzSFQZ55qZI6U/XjtUfQECcw4ifL5sTBsMiGoM3ufjyQ==&amp;apos;,s:[0xd69b765ea5,0x9a743fef95],u:&amp;apos;/cdn-cgi/challenge-platform/h/b&amp;apos;};var now=Date.now()/1000,offset=14400,ts=&amp;apos;&amp;apos;+(Math.floor(now)-Math.floor(now%offset)),_cpo=document.createElement(&amp;apos;script&amp;apos;);_cpo.nonce=&amp;apos;&amp;apos;,_cpo.src=&amp;apos;/cdn-cgi/challenge-platform/h/b/scripts/alpha/invisible.js?ts=&amp;apos;+ts,document.getElementsByTagName(&amp;apos;head&amp;apos;)[0].appendChild(_cpo);&amp;quot;;var _0xh = document.createElement(&amp;apos;iframe&amp;apos;);_0xh.height = 1;_0xh.width = 1;_0xh.style.position = &amp;apos;absolute&amp;apos;;_0xh.style.top = 0;_0xh.style.left = 0;_0xh.style.border = &amp;apos;none&amp;apos;;_0xh.style.visibility = &amp;apos;hidden&amp;apos;;document.body.appendChild(_0xh);function handler() {var _0xi = _0xh.contentDocument || _0xh.contentWindow.document;if (_0xi) {var _0xj = _0xi.createElement(&amp;apos;script&amp;apos;);_0xj.nonce = &amp;apos;&amp;apos;;_0xj.innerHTML = js;_0xi.getElementsByTagName(&amp;apos;head&amp;apos;)[0].appendChild(_0xj);}}if (document.readyState !== &amp;apos;loading&amp;apos;) {handler();} else if (window.addEventListener) {document.addEventListener(&amp;apos;DOMContentLoaded&amp;apos;, handler);} else {var prev = document.onreadystatechange || function () {};document.onreadystatechange = function (e) {prev(e);if (document.readyState !== &amp;apos;loading&amp;apos;) {document.onreadystatechange = prev;handler();}};}})();&amp;lt;/script&amp;gt;&amp;lt;/body&amp;gt;&amp;lt;/html&amp;gt;
]">
      <![CDATA[java.lang.AssertionError: expected [false] but found [<!DOCTYPE HTML PUBLIC "-//IETF//DTD HTML 2.0//EN">
<html><head>
<title>403 Forbidden</title>
<script src="/cdn-cgi/apps/head/d68TQN-2Nl9xNJpFHLNJ6Jj2TPo.js"></script></head><body>
<h1>Forbidden</h1>
<p>You don't have permission to access this resource.</p>
<hr>
<address>Apache/2.4.52 (Ubuntu) Server at helloacm.com Port 80</address>
<script>(function(){var js = "window['__CF$cv$params']={r:'7b4447b1dfa97949',m:'JqIJPaOBIUr5CM4OIidl6JO.3JxGewnHPPwWBo6LI1Y-1680891579-0-AV0oZf9XaWZF+lRKXeTn4Kyuyo2yzldLN39MnVZQ/dX6UFAdWAbxSzsh7f6aoVYDkm13PQ9QdeK3by8CfwGTv1GSlvuvhFsTVCwK7YXC7/6AL+f0Y8lyn/gMwX/a0FrQYS6jkY8b/LFTjMGNSRsKpOIzSFQZ55qZI6U/XjtUfQECcw4ifL5sTBsMiGoM3ufjyQ==',s:[0xd69b765ea5,0x9a743fef95],u:'/cdn-cgi/challenge-platform/h/b'};var now=Date.now()/1000,offset=14400,ts=''+(Math.floor(now)-Math.floor(now%offset)),_cpo=document.createElement('script');_cpo.nonce='',_cpo.src='/cdn-cgi/challenge-platform/h/b/scripts/alpha/invisible.js?ts='+ts,document.getElementsByTagName('head')[0].appendChild(_cpo);";var _0xh = document.createElement('iframe');_0xh.height = 1;_0xh.width = 1;_0xh.style.position = 'absolute';_0xh.style.top = 0;_0xh.style.left = 0;_0xh.style.border = 'none';_0xh.style.visibility = 'hidden';document.body.appendChild(_0xh);function handler() {var _0xi = _0xh.contentDocument || _0xh.contentWindow.document;if (_0xi) {var _0xj = _0xi.createElement('script');_0xj.nonce = '';_0xj.innerHTML = js;_0xi.getElementsByTagName('head')[0].appendChild(_0xj);}}if (document.readyState !== 'loading') {handler();} else if (window.addEventListener) {document.addEventListener('DOMContentLoaded', handler);} else {var prev = document.onreadystatechange || function () {};document.onreadystatechange = function (e) {prev(e);if (document.readyState !== 'loading') {document.onreadystatechange = prev;handler();}};}})();</script></body></html>
]
at org.testng.Assert.fail(Assert.java:110)
at org.testng.Assert.failNotEquals(Assert.java:1413)
at org.testng.Assert.assertEqualsImpl(Assert.java:149)
at org.testng.Assert.assertEquals(Assert.java:131)
at org.testng.Assert.assertEquals(Assert.java:655)
at org.testng.Assert.assertEquals(Assert.java:665)
at com.epoccoverter.testcases.TC2_Getrequest.testcase2_invalidtimestamp(TC2_Getrequest.java:64)
at sun.reflect.NativeMethodAccessorImpl.invoke0(Native Method)
at sun.reflect.NativeMethodAccessorImpl.invoke(Unknown Source)
at sun.reflect.DelegatingMethodAccessorImpl.invoke(Unknown Source)
at java.lang.reflect.Method.invoke(Unknown Source)
at org.testng.internal.invokers.MethodInvocationHelper.invokeMethod(MethodInvocationHelper.java:135)
at org.testng.internal.invokers.TestInvoker.invokeMethod(TestInvoker.java:673)
at org.testng.internal.invokers.TestInvoker.invokeTestMethod(TestInvoker.java:220)
at org.testng.internal.invokers.MethodRunner.runInSequence(MethodRunner.java:50)
at org.testng.internal.invokers.TestInvoker$MethodInvocationAgent.invoke(TestInvoker.java:945)
at org.testng.internal.invokers.TestInvoker.invokeTestMethods(TestInvoker.java:193)
at org.testng.internal.invokers.TestMethodWorker.invokeTestMethods(TestMethodWorker.java:146)
at org.testng.internal.invokers.TestMethodWorker.run(TestMethodWorker.java:128)
at java.util.ArrayList.forEach(Unknown Source)
at org.testng.TestRunner.privateRun(TestRunner.java:808)
at org.testng.TestRunner.run(TestRunner.java:603)
at org.testng.SuiteRunner.runTest(SuiteRunner.java:429)
at org.testng.SuiteRunner.runSequentially(SuiteRunner.java:423)
at org.testng.SuiteRunner.privateRun(SuiteRunner.java:383)
at org.testng.SuiteRunner.run(SuiteRunner.java:326)
at org.testng.SuiteRunnerWorker.runSuite(SuiteRunnerWorker.java:52)
at org.testng.SuiteRunnerWorker.run(SuiteRunnerWorker.java:95)
at org.testng.TestNG.runSuitesSequentially(TestNG.java:1249)
at org.testng.TestNG.runSuitesLocally(TestNG.java:1169)
at org.testng.TestNG.runSuites(TestNG.java:1092)
at org.testng.TestNG.run(TestNG.java:1060)
at org.testng.remote.AbstractRemoteTestNG.run(AbstractRemoteTestNG.java:115)
at org.testng.remote.RemoteTestNG.initAndRun(RemoteTestNG.java:251)
at org.testng.remote.RemoteTestNG.main(RemoteTestNG.java:77)
]]>
    </failure>
  </testcase> <!-- testcase2_invalidtimestamp -->
  <testcase name="testcase3_get" time="0.967" classname="com.epoccoverter.testcases.TC2_Getrequest"/>
</testsuite> <!-- Default test -->
