<?xml version="1.0" encoding="UTF-8"?>
<!-- Generated by org.testng.reporters.JUnitXMLReporter -->
<testsuite hostname="Anu-pc" ignored="0" name="Test" tests="7" failures="1" timestamp="2023-04-08T20:43:24 IST" time="6.514" errors="0">
  <testcase name="testcase1_get" time="2.164" classname="com.epoccoverter.testcases.TC2_Getrequest"/>
  <testcase name="testcase2_invalidtimestamp" time="0.274" classname="com.epoccoverter.testcases.TC2_Getrequest"/>
  <testcase name="testcase3_get" time="1.068" classname="com.epoccoverter.testcases.TC2_Getrequest"/>
  <testcase name="testcase4_get" time="1.841" classname="com.epoccoverter.testcases.TC2_Getrequest">
    <failure type="java.lang.AssertionError" message="expected [false] but found [&amp;lt;!DOCTYPE HTML PUBLIC &amp;quot;-//IETF//DTD HTML 2.0//EN&amp;quot;&amp;gt;
&amp;lt;html&amp;gt;&amp;lt;head&amp;gt;
&amp;lt;title&amp;gt;403 Forbidden&amp;lt;/title&amp;gt;
&amp;lt;script src=&amp;quot;/cdn-cgi/apps/head/d68TQN-2Nl9xNJpFHLNJ6Jj2TPo.js&amp;quot;&amp;gt;&amp;lt;/script&amp;gt;&amp;lt;/head&amp;gt;&amp;lt;body&amp;gt;
&amp;lt;h1&amp;gt;Forbidden&amp;lt;/h1&amp;gt;
&amp;lt;p&amp;gt;You don&amp;apos;t have permission to access this resource.&amp;lt;/p&amp;gt;
&amp;lt;hr&amp;gt;
&amp;lt;address&amp;gt;Apache/2.4.52 (Ubuntu) Server at helloacm.com Port 80&amp;lt;/address&amp;gt;
&amp;lt;script&amp;gt;(function(){var js = &amp;quot;window[&amp;apos;__CF$cv$params&amp;apos;]={r:&amp;apos;7b4b7399fadc7956&amp;apos;,m:&amp;apos;IO4WrcEjW1mzQDOSH_6PGItXy3juYGUMd.Ln8SAQAbc-1680966778-0-Ac1KXo1wE3he0Kzi5i87mayWhHsqCs9naBlhIo4ClVtxzc9NY0D3OAqyNMRDVntbtaDuC2Uha+FDv/5ClQB5sOef7er71V/V8gpqCUlphbImxT5BXyZd6vhS6pVQShw0+0ltbKqpueUNtNDBxDu46aT1NKD++fSpALsKyefP9EPb&amp;apos;,s:[0x568e6a5f05,0x14f8c3d46e],u:&amp;apos;/cdn-cgi/challenge-platform/h/b&amp;apos;};var now=Date.now()/1000,offset=14400,ts=&amp;apos;&amp;apos;+(Math.floor(now)-Math.floor(now%offset)),_cpo=document.createElement(&amp;apos;script&amp;apos;);_cpo.nonce=&amp;apos;&amp;apos;,_cpo.src=&amp;apos;/cdn-cgi/challenge-platform/h/b/scripts/alpha/invisible.js?ts=&amp;apos;+ts,document.getElementsByTagName(&amp;apos;head&amp;apos;)[0].appendChild(_cpo);&amp;quot;;var _0xh = document.createElement(&amp;apos;iframe&amp;apos;);_0xh.height = 1;_0xh.width = 1;_0xh.style.position = &amp;apos;absolute&amp;apos;;_0xh.style.top = 0;_0xh.style.left = 0;_0xh.style.border = &amp;apos;none&amp;apos;;_0xh.style.visibility = &amp;apos;hidden&amp;apos;;document.body.appendChild(_0xh);function handler() {var _0xi = _0xh.contentDocument || _0xh.contentWindow.document;if (_0xi) {var _0xj = _0xi.createElement(&amp;apos;script&amp;apos;);_0xj.nonce = &amp;apos;&amp;apos;;_0xj.innerHTML = js;_0xi.getElementsByTagName(&amp;apos;head&amp;apos;)[0].appendChild(_0xj);}}if (document.readyState !== &amp;apos;loading&amp;apos;) {handler();} else if (window.addEventListener) {document.addEventListener(&amp;apos;DOMContentLoaded&amp;apos;, handler);} else {var prev = document.onreadystatechange || function () {};document.onreadystatechange = function (e) {prev(e);if (document.readyState !== &amp;apos;loading&amp;apos;) {document.onreadystatechange = prev;handler();}};}})();&amp;lt;/script&amp;gt;&amp;lt;/body&amp;gt;&amp;lt;/html&amp;gt;
]">
      <![CDATA[java.lang.AssertionError: expected [false] but found [<!DOCTYPE HTML PUBLIC "-//IETF//DTD HTML 2.0//EN">
<html><head>
<title>403 Forbidden</title>
<script src="/cdn-cgi/apps/head/d68TQN-2Nl9xNJpFHLNJ6Jj2TPo.js"></script></head><body>
<h1>Forbidden</h1>
<p>You don't have permission to access this resource.</p>
<hr>
<address>Apache/2.4.52 (Ubuntu) Server at helloacm.com Port 80</address>
<script>(function(){var js = "window['__CF$cv$params']={r:'7b4b7399fadc7956',m:'IO4WrcEjW1mzQDOSH_6PGItXy3juYGUMd.Ln8SAQAbc-1680966778-0-Ac1KXo1wE3he0Kzi5i87mayWhHsqCs9naBlhIo4ClVtxzc9NY0D3OAqyNMRDVntbtaDuC2Uha+FDv/5ClQB5sOef7er71V/V8gpqCUlphbImxT5BXyZd6vhS6pVQShw0+0ltbKqpueUNtNDBxDu46aT1NKD++fSpALsKyefP9EPb',s:[0x568e6a5f05,0x14f8c3d46e],u:'/cdn-cgi/challenge-platform/h/b'};var now=Date.now()/1000,offset=14400,ts=''+(Math.floor(now)-Math.floor(now%offset)),_cpo=document.createElement('script');_cpo.nonce='',_cpo.src='/cdn-cgi/challenge-platform/h/b/scripts/alpha/invisible.js?ts='+ts,document.getElementsByTagName('head')[0].appendChild(_cpo);";var _0xh = document.createElement('iframe');_0xh.height = 1;_0xh.width = 1;_0xh.style.position = 'absolute';_0xh.style.top = 0;_0xh.style.left = 0;_0xh.style.border = 'none';_0xh.style.visibility = 'hidden';document.body.appendChild(_0xh);function handler() {var _0xi = _0xh.contentDocument || _0xh.contentWindow.document;if (_0xi) {var _0xj = _0xi.createElement('script');_0xj.nonce = '';_0xj.innerHTML = js;_0xi.getElementsByTagName('head')[0].appendChild(_0xj);}}if (document.readyState !== 'loading') {handler();} else if (window.addEventListener) {document.addEventListener('DOMContentLoaded', handler);} else {var prev = document.onreadystatechange || function () {};document.onreadystatechange = function (e) {prev(e);if (document.readyState !== 'loading') {document.onreadystatechange = prev;handler();}};}})();</script></body></html>
]
at com.epoccoverter.testcases.TC2_Getrequest.testcase4_get(TC2_Getrequest.java:107)
at java.util.ArrayList.forEach(Unknown Source)
... Removed 33 stack frames]]>
    </failure>
  </testcase> <!-- testcase4_get -->
  <testcase name="testcase5_get" time="0.317" classname="com.epoccoverter.testcases.TC2_Getrequest"/>
  <testcase name="testcase6_get" time="0.31" classname="com.epoccoverter.testcases.TC2_Getrequest"/>
  <testcase name="testcase7_get" time="0.271" classname="com.epoccoverter.testcases.TC2_Getrequest"/>
</testsuite> <!-- Test -->
