<?xml version="1.0" encoding="UTF-8"?>
<!-- Generated by org.testng.reporters.JUnitXMLReporter -->
<testsuite hostname="Anu-pc" ignored="0" name="Test" tests="7" failures="1" timestamp="2023-04-09T04:12:32 IST" time="7.02" errors="0">
  <testcase name="testcase1_get" time="1.69" classname="com.epoccoverter.testcases.TC01_Getrequest"/>
  <testcase name="testcase2_invalidtimestamp" time="0.886" classname="com.epoccoverter.testcases.TC01_Getrequest"/>
  <testcase name="testcase3_get" time="0.276" classname="com.epoccoverter.testcases.TC01_Getrequest"/>
  <testcase name="testcase4_get" time="0.4" classname="com.epoccoverter.testcases.TC01_Getrequest"/>
  <testcase name="testcase5_get" time="0.29" classname="com.epoccoverter.testcases.TC01_Getrequest"/>
  <testcase name="testcase6_get" time="1.291" classname="com.epoccoverter.testcases.TC01_Getrequest"/>
  <testcase name="testcase7_get" time="1.557" classname="com.epoccoverter.testcases.TC01_Getrequest">
    <failure type="java.time.format.DateTimeParseException" message="Text &amp;apos;318857-05-20 21:46:39 GMT+04:00&amp;apos; could not be parsed at index 0">
      <![CDATA[java.time.format.DateTimeParseException: Text '318857-05-20 21:46:39 GMT+04:00' could not be parsed at index 0
at java.time.format.DateTimeFormatter.parseResolved0(Unknown Source)
at java.time.format.DateTimeFormatter.parse(Unknown Source)
at java.time.LocalDate.parse(Unknown Source)
at com.epocconverter.responsevalidation.Responsevalidation.datevalidation(Responsevalidation.java:40)
at com.epoccoverter.testcases.TC01_Getrequest.testcase7_get(TC01_Getrequest.java:195)
at java.util.ArrayList.forEach(Unknown Source)
... Removed 31 stack frames]]>
    </failure>
  </testcase> <!-- testcase7_get -->
</testsuite> <!-- Test -->
