<?xml version="1.0" encoding="UTF-8"?>
<testsuite xmlns:xsi="http://www.w3.org/2001/XMLSchema-instance" xsi:noNamespaceSchemaLocation="https://maven.apache.org/surefire/maven-surefire-plugin/xsd/surefire-test-report-3.0.xsd" version="3.0" name="TestSuite" time="7.941" tests="7" errors="0" skipped="0" failures="1">
  <properties>
[...]
</properties>
  <testcase name="testcase1_get" classname="com.epoccoverter.testcases.TC01_Getrequest" time="1.697">
    <system-out><![CDATA[base url ishttps://helloacm.com/api/unix-timestamp-converter/?cached&s=
******************Test case 1 for valid timestamp***************************
Response is"2016-01-01 02:03:22"
Status code is validated
2016-01-01 06:03:22 GMT+04:00
2016-01-01
Date is matching
]]></system-out>
    <system-err><![CDATA[SLF4J: Failed to load class "org.slf4j.impl.StaticLoggerBinder".
SLF4J: Defaulting to no-operation (NOP) logger implementation
SLF4J: See http://www.slf4j.org/codes.html#StaticLoggerBinder for further details.
]]></system-err>
  </testcase>
  <testcase name="testcase2_invalidtimestamp" classname="com.epoccoverter.testcases.TC01_Getrequest" time="0.886">
    <system-out><![CDATA[******************Test case 2 for invalid timestamp***************************
Response is :false
Status code is validated
]]></system-out>
  </testcase>
  <testcase name="testcase3_get" classname="com.epoccoverter.testcases.TC01_Getrequest" time="0.285">
    <system-out><![CDATA[******************Test case 3 for timestamp beyond year 2038***************************
Response is :"2038-01-19 03:14:08"
Status code is validated
2038-01-19 07:14:08 GMT+04:00
2038-01-19
Date is matching
]]></system-out>
  </testcase>
  <testcase name="testcase4_get" classname="com.epoccoverter.testcases.TC01_Getrequest" time="0.402">
    <system-out><![CDATA[******************Test case 4 for Negative unix timestamp***************************
Response is :"1924-01-01 09:56:38"
Status code is validated
1924-01-02 01:56:38 GMT+04:00
1924-01-02
Date is matching
]]></system-out>
  </testcase>
  <testcase name="testcase5_get" classname="com.epoccoverter.testcases.TC01_Getrequest" time="0.286">
    <system-out><![CDATA[******************Test case 5 for Blank unix timestamp***************************
Response is :false
Status code is validated
]]></system-out>
  </testcase>
  <testcase name="testcase6_get" classname="com.epoccoverter.testcases.TC01_Getrequest" time="1.293">
    <system-out><![CDATA[******************Test case 6 for unix timestamp in microseconds with fractional part***************************
Response is :<!DOCTYPE HTML PUBLIC "-//IETF//DTD HTML 2.0//EN">
<html><head>
<title>403 Forbidden</title>
<script src="/cdn-cgi/apps/head/d68TQN-2Nl9xNJpFHLNJ6Jj2TPo.js"></script></head><body>
<h1>Forbidden</h1>
<p>You don't have permission to access this resource.</p>
<hr>
<address>Apache/2.4.52 (Ubuntu) Server at helloacm.com Port 80</address>
<script>(function(){var js = "window['__CF$cv$params']={r:'7b4e057f88a2a3b2',m:'7RIsyBgssAIE.5M4GUp0mppUgCdE4W19wi.y4qFWunk-1680993726-0-AfYH+FeheVvb9gbLcR1aZOT4ivzzJCtrTyRuxuL+akIWrDLrKQ3oY25A+dybzWYpCDeWnvOoOP0BzO3dnpJJH3KZnHuwZ5LetOUzquazS2ubIvQeMcL7nbEUgBKXxteYuh1zJtuDRXBZG85Wts1ALgN+u8JW7GtP2m84UTqttty1VZKt8q8b3Hg+MCK+0eK3ag==',s:[0x45947e7a93,0x124aa35753],u:'/cdn-cgi/challenge-platform/h/b'};var now=Date.now()/1000,offset=14400,ts=''+(Math.floor(now)-Math.floor(now%offset)),_cpo=document.createElement('script');_cpo.nonce='',_cpo.src='/cdn-cgi/challenge-platform/h/b/scripts/alpha/invisible.js?ts='+ts,document.getElementsByTagName('head')[0].appendChild(_cpo);";var _0xh = document.createElement('iframe');_0xh.height = 1;_0xh.width = 1;_0xh.style.position = 'absolute';_0xh.style.top = 0;_0xh.style.left = 0;_0xh.style.border = 'none';_0xh.style.visibility = 'hidden';document.body.appendChild(_0xh);function handler() {var _0xi = _0xh.contentDocument || _0xh.contentWindow.document;if (_0xi) {var _0xj = _0xi.createElement('script');_0xj.nonce = '';_0xj.innerHTML = js;_0xi.getElementsByTagName('head')[0].appendChild(_0xj);}}if (document.readyState !== 'loading') {handler();} else if (window.addEventListener) {document.addEventListener('DOMContentLoaded', handler);} else {var prev = document.onreadystatechange || function () {};document.onreadystatechange = function (e) {prev(e);if (document.readyState !== 'loading') {document.onreadystatechange = prev;handler();}};}})();</script></body></html>

Status code is not validated
]]></system-out>
  </testcase>
  <testcase name="testcase7_get" classname="com.epoccoverter.testcases.TC01_Getrequest" time="1.571">
    <failure message="Text &apos;318857-05-20 21:46:39 GMT+04:00&apos; could not be parsed at index 0" type="java.time.format.DateTimeParseException"><![CDATA[java.time.format.DateTimeParseException: Text '318857-05-20 21:46:39 GMT+04:00' could not be parsed at index 0
	at java.time.format.DateTimeFormatter.parseResolved0(Unknown Source)
	at java.time.format.DateTimeFormatter.parse(Unknown Source)
	at java.time.LocalDate.parse(Unknown Source)
	at com.epocconverter.responsevalidation.Responsevalidation.datevalidation(Responsevalidation.java:40)
	at com.epoccoverter.testcases.TC01_Getrequest.testcase7_get(TC01_Getrequest.java:195)
	at sun.reflect.NativeMethodAccessorImpl.invoke0(Native Method)
	at sun.reflect.NativeMethodAccessorImpl.invoke(Unknown Source)
	at sun.reflect.DelegatingMethodAccessorImpl.invoke(Unknown Source)
	at java.lang.reflect.Method.invoke(Unknown Source)
	at org.testng.internal.invokers.MethodInvocationHelper.invokeMethod(MethodInvocationHelper.java:135)
	at org.testng.internal.invokers.TestInvoker.invokeMethod(TestInvoker.java:673)
	at org.testng.internal.invokers.TestInvoker.invokeTestMethod(TestInvoker.java:220)
	at org.testng.internal.invokers.MethodRunner.runInSequence(MethodRunner.java:50)
	at org.testng.internal.invokers.TestInvoker$MethodInvocationAgent.invoke(TestInvoker.java:945)
	at org.testng.internal.invokers.TestInvoker.invokeTestMethods(TestInvoker.java:193)
	at org.testng.internal.invokers.TestMethodWorker.invokeTestMethods(TestMethodWorker.java:146)
	at org.testng.internal.invokers.TestMethodWorker.run(TestMethodWorker.java:128)
	at java.util.ArrayList.forEach(Unknown Source)
	at org.testng.TestRunner.privateRun(TestRunner.java:808)
	at org.testng.TestRunner.run(TestRunner.java:603)
	at org.testng.SuiteRunner.runTest(SuiteRunner.java:429)
	at org.testng.SuiteRunner.runSequentially(SuiteRunner.java:423)
	at org.testng.SuiteRunner.privateRun(SuiteRunner.java:383)
	at org.testng.SuiteRunner.run(SuiteRunner.java:326)
	at org.testng.SuiteRunnerWorker.runSuite(SuiteRunnerWorker.java:52)
	at org.testng.SuiteRunnerWorker.run(SuiteRunnerWorker.java:95)
	at org.testng.TestNG.runSuitesSequentially(TestNG.java:1249)
	at org.testng.TestNG.runSuitesLocally(TestNG.java:1169)
	at org.testng.TestNG.runSuites(TestNG.java:1092)
	at org.testng.TestNG.run(TestNG.java:1060)
	at org.apache.maven.surefire.testng.TestNGExecutor.run(TestNGExecutor.java:324)
	at org.apache.maven.surefire.testng.TestNGXmlTestSuite.execute(TestNGXmlTestSuite.java:74)
	at org.apache.maven.surefire.testng.TestNGProvider.invoke(TestNGProvider.java:123)
	at org.apache.maven.surefire.booter.ForkedBooter.runSuitesInProcess(ForkedBooter.java:456)
	at org.apache.maven.surefire.booter.ForkedBooter.execute(ForkedBooter.java:169)
	at org.apache.maven.surefire.booter.ForkedBooter.run(ForkedBooter.java:595)
	at org.apache.maven.surefire.booter.ForkedBooter.main(ForkedBooter.java:581)
]]></failure>
    <system-out><![CDATA[******************Test case 7 for unix timestamp with very large timestamp***************************
Response is :"318857-05-20 05:46:39"
Status code is validated
318857-05-20 21:46:39 GMT+04:00
]]></system-out>
  </testcase>
</testsuite>