<?xml version="1.0" encoding="UTF-8"?>
<testsuite xmlns:xsi="http://www.w3.org/2001/XMLSchema-instance" xsi:noNamespaceSchemaLocation="https://maven.apache.org/surefire/maven-surefire-plugin/xsd/surefire-test-report-3.0.xsd" version="3.0" name="TestSuite" time="8.998" tests="7" errors="0" skipped="0" failures="2">
  <properties>
[...]
</properties>
  <testcase name="testcase1_get" classname="com.epoccoverter.testcases.TC2_Getrequest" time="2.338">
    <system-out><![CDATA[******************Test case 1 for valid timestamp***************************
Response code is200
Response is"2016-01-01 02:03:22"
Status code is validated
2016-01-01 06:03:22 GMT+04:00
2016-01-01
Date is matching
]]></system-out>
    <system-err><![CDATA[SLF4J: Failed to load class "org.slf4j.impl.StaticLoggerBinder".
SLF4J: Defaulting to no-operation (NOP) logger implementation
SLF4J: See http://www.slf4j.org/codes.html#StaticLoggerBinder for further details.
]]></system-err>
  </testcase>
  <testcase name="testcase2_invalidtimestamp" classname="com.epoccoverter.testcases.TC2_Getrequest" time="1.371">
    <failure message="expected [false] but found [&lt;!DOCTYPE HTML PUBLIC &quot;-//IETF//DTD HTML 2.0//EN&quot;&gt;&#10;&lt;html&gt;&lt;head&gt;&#10;&lt;title&gt;403 Forbidden&lt;/title&gt;&#10;&lt;script src=&quot;/cdn-cgi/apps/head/d68TQN-2Nl9xNJpFHLNJ6Jj2TPo.js&quot;&gt;&lt;/script&gt;&lt;/head&gt;&lt;body&gt;&#10;&lt;h1&gt;Forbidden&lt;/h1&gt;&#10;&lt;p&gt;You don&apos;t have permission to access this resource.&lt;/p&gt;&#10;&lt;hr&gt;&#10;&lt;address&gt;Apache/2.4.52 (Ubuntu) Server at helloacm.com Port 80&lt;/address&gt;&#10;&lt;script&gt;(function(){var js = &quot;window[&apos;__CF$cv$params&apos;]={r:&apos;7b4b6f07feb9794a&apos;,m:&apos;7Xv7U_.yCIv53mg3you0z0hxVPu5Whr8pkJYZ1vYQVg-1680966591-0-Ae5AzRuHY8+kkg0KLrFogoJZwEiug75ZyDCfM9nk8sz7y9uST0rqfmibETFlYVLTszrDD5hLbuAO1Wvr92hBn/f6FiyoCROo7KdFqi8uA+DOCbia/p0SvK/JC51Qai8ojhmRRXlMlUI9XIkjjhvtCi+aPR5/Xo77UGYDOrVRZj1c9RjbbpN+tkAJXTmj10uWUw==&apos;,s:[0xe93058472e,0x39231c8e1e],u:&apos;/cdn-cgi/challenge-platform/h/b&apos;};var now=Date.now()/1000,offset=14400,ts=&apos;&apos;+(Math.floor(now)-Math.floor(now%offset)),_cpo=document.createElement(&apos;script&apos;);_cpo.nonce=&apos;&apos;,_cpo.src=&apos;/cdn-cgi/challenge-platform/h/b/scripts/alpha/invisible.js?ts=&apos;+ts,document.getElementsByTagName(&apos;head&apos;)[0].appendChild(_cpo);&quot;;var _0xh = document.createElement(&apos;iframe&apos;);_0xh.height = 1;_0xh.width = 1;_0xh.style.position = &apos;absolute&apos;;_0xh.style.top = 0;_0xh.style.left = 0;_0xh.style.border = &apos;none&apos;;_0xh.style.visibility = &apos;hidden&apos;;document.body.appendChild(_0xh);function handler() {var _0xi = _0xh.contentDocument || _0xh.contentWindow.document;if (_0xi) {var _0xj = _0xi.createElement(&apos;script&apos;);_0xj.nonce = &apos;&apos;;_0xj.innerHTML = js;_0xi.getElementsByTagName(&apos;head&apos;)[0].appendChild(_0xj);}}if (document.readyState !== &apos;loading&apos;) {handler();} else if (window.addEventListener) {document.addEventListener(&apos;DOMContentLoaded&apos;, handler);} else {var prev = document.onreadystatechange || function () {};document.onreadystatechange = function (e) {prev(e);if (document.readyState !== &apos;loading&apos;) {document.onreadystatechange = prev;handler();}};}})();&lt;/script&gt;&lt;/body&gt;&lt;/html&gt;&#10;]" type="java.lang.AssertionError"><![CDATA[java.lang.AssertionError: 
expected [false] but found [<!DOCTYPE HTML PUBLIC "-//IETF//DTD HTML 2.0//EN">
<html><head>
<title>403 Forbidden</title>
<script src="/cdn-cgi/apps/head/d68TQN-2Nl9xNJpFHLNJ6Jj2TPo.js"></script></head><body>
<h1>Forbidden</h1>
<p>You don't have permission to access this resource.</p>
<hr>
<address>Apache/2.4.52 (Ubuntu) Server at helloacm.com Port 80</address>
<script>(function(){var js = "window['__CF$cv$params']={r:'7b4b6f07feb9794a',m:'7Xv7U_.yCIv53mg3you0z0hxVPu5Whr8pkJYZ1vYQVg-1680966591-0-Ae5AzRuHY8+kkg0KLrFogoJZwEiug75ZyDCfM9nk8sz7y9uST0rqfmibETFlYVLTszrDD5hLbuAO1Wvr92hBn/f6FiyoCROo7KdFqi8uA+DOCbia/p0SvK/JC51Qai8ojhmRRXlMlUI9XIkjjhvtCi+aPR5/Xo77UGYDOrVRZj1c9RjbbpN+tkAJXTmj10uWUw==',s:[0xe93058472e,0x39231c8e1e],u:'/cdn-cgi/challenge-platform/h/b'};var now=Date.now()/1000,offset=14400,ts=''+(Math.floor(now)-Math.floor(now%offset)),_cpo=document.createElement('script');_cpo.nonce='',_cpo.src='/cdn-cgi/challenge-platform/h/b/scripts/alpha/invisible.js?ts='+ts,document.getElementsByTagName('head')[0].appendChild(_cpo);";var _0xh = document.createElement('iframe');_0xh.height = 1;_0xh.width = 1;_0xh.style.position = 'absolute';_0xh.style.top = 0;_0xh.style.left = 0;_0xh.style.border = 'none';_0xh.style.visibility = 'hidden';document.body.appendChild(_0xh);function handler() {var _0xi = _0xh.contentDocument || _0xh.contentWindow.document;if (_0xi) {var _0xj = _0xi.createElement('script');_0xj.nonce = '';_0xj.innerHTML = js;_0xi.getElementsByTagName('head')[0].appendChild(_0xj);}}if (document.readyState !== 'loading') {handler();} else if (window.addEventListener) {document.addEventListener('DOMContentLoaded', handler);} else {var prev = document.onreadystatechange || function () {};document.onreadystatechange = function (e) {prev(e);if (document.readyState !== 'loading') {document.onreadystatechange = prev;handler();}};}})();</script></body></html>
]
	at org.testng.Assert.fail(Assert.java:110)
	at org.testng.Assert.failNotEquals(Assert.java:1413)
	at org.testng.Assert.assertEqualsImpl(Assert.java:149)
	at org.testng.Assert.assertEquals(Assert.java:131)
	at org.testng.Assert.assertEquals(Assert.java:655)
	at org.testng.Assert.assertEquals(Assert.java:665)
	at com.epoccoverter.testcases.TC2_Getrequest.testcase2_invalidtimestamp(TC2_Getrequest.java:64)
	at sun.reflect.NativeMethodAccessorImpl.invoke0(Native Method)
	at sun.reflect.NativeMethodAccessorImpl.invoke(Unknown Source)
	at sun.reflect.DelegatingMethodAccessorImpl.invoke(Unknown Source)
	at java.lang.reflect.Method.invoke(Unknown Source)
	at org.testng.internal.invokers.MethodInvocationHelper.invokeMethod(MethodInvocationHelper.java:135)
	at org.testng.internal.invokers.TestInvoker.invokeMethod(TestInvoker.java:673)
	at org.testng.internal.invokers.TestInvoker.invokeTestMethod(TestInvoker.java:220)
	at org.testng.internal.invokers.MethodRunner.runInSequence(MethodRunner.java:50)
	at org.testng.internal.invokers.TestInvoker$MethodInvocationAgent.invoke(TestInvoker.java:945)
	at org.testng.internal.invokers.TestInvoker.invokeTestMethods(TestInvoker.java:193)
	at org.testng.internal.invokers.TestMethodWorker.invokeTestMethods(TestMethodWorker.java:146)
	at org.testng.internal.invokers.TestMethodWorker.run(TestMethodWorker.java:128)
	at java.util.ArrayList.forEach(Unknown Source)
	at org.testng.TestRunner.privateRun(TestRunner.java:808)
	at org.testng.TestRunner.run(TestRunner.java:603)
	at org.testng.SuiteRunner.runTest(SuiteRunner.java:429)
	at org.testng.SuiteRunner.runSequentially(SuiteRunner.java:423)
	at org.testng.SuiteRunner.privateRun(SuiteRunner.java:383)
	at org.testng.SuiteRunner.run(SuiteRunner.java:326)
	at org.testng.SuiteRunnerWorker.runSuite(SuiteRunnerWorker.java:52)
	at org.testng.SuiteRunnerWorker.run(SuiteRunnerWorker.java:95)
	at org.testng.TestNG.runSuitesSequentially(TestNG.java:1249)
	at org.testng.TestNG.runSuitesLocally(TestNG.java:1169)
	at org.testng.TestNG.runSuites(TestNG.java:1092)
	at org.testng.TestNG.run(TestNG.java:1060)
	at org.apache.maven.surefire.testng.TestNGExecutor.run(TestNGExecutor.java:324)
	at org.apache.maven.surefire.testng.TestNGXmlTestSuite.execute(TestNGXmlTestSuite.java:74)
	at org.apache.maven.surefire.testng.TestNGProvider.invoke(TestNGProvider.java:123)
	at org.apache.maven.surefire.booter.ForkedBooter.runSuitesInProcess(ForkedBooter.java:456)
	at org.apache.maven.surefire.booter.ForkedBooter.execute(ForkedBooter.java:169)
	at org.apache.maven.surefire.booter.ForkedBooter.run(ForkedBooter.java:595)
	at org.apache.maven.surefire.booter.ForkedBooter.main(ForkedBooter.java:581)
]]></failure>
    <system-out><![CDATA[******************Test case 2 for invalid timestamp***************************
Response code is403
Response is<!DOCTYPE HTML PUBLIC "-//IETF//DTD HTML 2.0//EN">
<html><head>
<title>403 Forbidden</title>
<script src="/cdn-cgi/apps/head/d68TQN-2Nl9xNJpFHLNJ6Jj2TPo.js"></script></head><body>
<h1>Forbidden</h1>
<p>You don't have permission to access this resource.</p>
<hr>
<address>Apache/2.4.52 (Ubuntu) Server at helloacm.com Port 80</address>
<script>(function(){var js = "window['__CF$cv$params']={r:'7b4b6f07feb9794a',m:'7Xv7U_.yCIv53mg3you0z0hxVPu5Whr8pkJYZ1vYQVg-1680966591-0-Ae5AzRuHY8+kkg0KLrFogoJZwEiug75ZyDCfM9nk8sz7y9uST0rqfmibETFlYVLTszrDD5hLbuAO1Wvr92hBn/f6FiyoCROo7KdFqi8uA+DOCbia/p0SvK/JC51Qai8ojhmRRXlMlUI9XIkjjhvtCi+aPR5/Xo77UGYDOrVRZj1c9RjbbpN+tkAJXTmj10uWUw==',s:[0xe93058472e,0x39231c8e1e],u:'/cdn-cgi/challenge-platform/h/b'};var now=Date.now()/1000,offset=14400,ts=''+(Math.floor(now)-Math.floor(now%offset)),_cpo=document.createElement('script');_cpo.nonce='',_cpo.src='/cdn-cgi/challenge-platform/h/b/scripts/alpha/invisible.js?ts='+ts,document.getElementsByTagName('head')[0].appendChild(_cpo);";var _0xh = document.createElement('iframe');_0xh.height = 1;_0xh.width = 1;_0xh.style.position = 'absolute';_0xh.style.top = 0;_0xh.style.left = 0;_0xh.style.border = 'none';_0xh.style.visibility = 'hidden';document.body.appendChild(_0xh);function handler() {var _0xi = _0xh.contentDocument || _0xh.contentWindow.document;if (_0xi) {var _0xj = _0xi.createElement('script');_0xj.nonce = '';_0xj.innerHTML = js;_0xi.getElementsByTagName('head')[0].appendChild(_0xj);}}if (document.readyState !== 'loading') {handler();} else if (window.addEventListener) {document.addEventListener('DOMContentLoaded', handler);} else {var prev = document.onreadystatechange || function () {};document.onreadystatechange = function (e) {prev(e);if (document.readyState !== 'loading') {document.onreadystatechange = prev;handler();}};}})();</script></body></html>

Status code is not validated
]]></system-out>
  </testcase>
  <testcase name="testcase3_get" classname="com.epoccoverter.testcases.TC2_Getrequest" time="1.45">
    <system-out><![CDATA[******************Test case 3 for timestamp beyond year 2038***************************
Response code is403
Response is<!DOCTYPE HTML PUBLIC "-//IETF//DTD HTML 2.0//EN">
<html><head>
<title>403 Forbidden</title>
<script src="/cdn-cgi/apps/head/d68TQN-2Nl9xNJpFHLNJ6Jj2TPo.js"></script></head><body>
<h1>Forbidden</h1>
<p>You don't have permission to access this resource.</p>
<hr>
<address>Apache/2.4.52 (Ubuntu) Server at helloacm.com Port 80</address>
<script>(function(){var js = "window['__CF$cv$params']={r:'7b4b6f10cd55a3b1',m:'4OLmKB1q8wMN9LOruQa_VuMq2haGIc6gDF5XNkZi1e4-1680966593-0-AR5E+pPMle3bxkOEsCQtddjx6lOMX2oPi4niMQ/Jfc3fAmVC1YunA9kGkg8HrtKra44PE24xlho2RbW0mGxOU3m4wm0DOu5TDTJ5fIqXrlWnj1gweIRSPRVFfjaYlWkbJ5r1MWhXxcsvYU/dd6Y2iGTz33vBTeARdRmSH6uQw0APa2nPLjX+vQ5l6PIsf9Mvhg==',s:[0xf66b01ceb0,0x370e61ec47],u:'/cdn-cgi/challenge-platform/h/b'};var now=Date.now()/1000,offset=14400,ts=''+(Math.floor(now)-Math.floor(now%offset)),_cpo=document.createElement('script');_cpo.nonce='',_cpo.src='/cdn-cgi/challenge-platform/h/b/scripts/alpha/invisible.js?ts='+ts,document.getElementsByTagName('head')[0].appendChild(_cpo);";var _0xh = document.createElement('iframe');_0xh.height = 1;_0xh.width = 1;_0xh.style.position = 'absolute';_0xh.style.top = 0;_0xh.style.left = 0;_0xh.style.border = 'none';_0xh.style.visibility = 'hidden';document.body.appendChild(_0xh);function handler() {var _0xi = _0xh.contentDocument || _0xh.contentWindow.document;if (_0xi) {var _0xj = _0xi.createElement('script');_0xj.nonce = '';_0xj.innerHTML = js;_0xi.getElementsByTagName('head')[0].appendChild(_0xj);}}if (document.readyState !== 'loading') {handler();} else if (window.addEventListener) {document.addEventListener('DOMContentLoaded', handler);} else {var prev = document.onreadystatechange || function () {};document.onreadystatechange = function (e) {prev(e);if (document.readyState !== 'loading') {document.onreadystatechange = prev;handler();}};}})();</script></body></html>

Status code is not validated
2038-01-19 07:14:07 GMT+04:00
2038-01-19
Date is matching
]]></system-out>
  </testcase>
  <testcase name="testcase4_get" classname="com.epoccoverter.testcases.TC2_Getrequest" time="1.425">
    <failure message="expected [false] but found [&lt;!DOCTYPE HTML PUBLIC &quot;-//IETF//DTD HTML 2.0//EN&quot;&gt;&#10;&lt;html&gt;&lt;head&gt;&#10;&lt;title&gt;403 Forbidden&lt;/title&gt;&#10;&lt;script src=&quot;/cdn-cgi/apps/head/d68TQN-2Nl9xNJpFHLNJ6Jj2TPo.js&quot;&gt;&lt;/script&gt;&lt;/head&gt;&lt;body&gt;&#10;&lt;h1&gt;Forbidden&lt;/h1&gt;&#10;&lt;p&gt;You don&apos;t have permission to access this resource.&lt;/p&gt;&#10;&lt;hr&gt;&#10;&lt;address&gt;Apache/2.4.52 (Ubuntu) Server at helloacm.com Port 80&lt;/address&gt;&#10;&lt;script&gt;(function(){var js = &quot;window[&apos;__CF$cv$params&apos;]={r:&apos;7b4b6f196c617943&apos;,m:&apos;0bwwM9UqjE2b6jHDlLyZRbrejPNsnFZfc.7TzG8Hsko-1680966594-0-AVHUZIXWSNkuiIjNs3fWJ/Kk+Bq7s3fWXztfGZLhcDHBqYye5aoFqoL98HKESyUlhCruPUY9B8yr5TcoYxvPd1ryhlyVSb82gnZ/YTOUpitSW4tFDjyJ/W28jk9FnK4+EMHdE4fwxZEYZ2GK86SzdfyIxo08QCf0dxaRnCK7US7F&apos;,s:[0x1304b68032,0x66f9af39f2],u:&apos;/cdn-cgi/challenge-platform/h/b&apos;};var now=Date.now()/1000,offset=14400,ts=&apos;&apos;+(Math.floor(now)-Math.floor(now%offset)),_cpo=document.createElement(&apos;script&apos;);_cpo.nonce=&apos;&apos;,_cpo.src=&apos;/cdn-cgi/challenge-platform/h/b/scripts/alpha/invisible.js?ts=&apos;+ts,document.getElementsByTagName(&apos;head&apos;)[0].appendChild(_cpo);&quot;;var _0xh = document.createElement(&apos;iframe&apos;);_0xh.height = 1;_0xh.width = 1;_0xh.style.position = &apos;absolute&apos;;_0xh.style.top = 0;_0xh.style.left = 0;_0xh.style.border = &apos;none&apos;;_0xh.style.visibility = &apos;hidden&apos;;document.body.appendChild(_0xh);function handler() {var _0xi = _0xh.contentDocument || _0xh.contentWindow.document;if (_0xi) {var _0xj = _0xi.createElement(&apos;script&apos;);_0xj.nonce = &apos;&apos;;_0xj.innerHTML = js;_0xi.getElementsByTagName(&apos;head&apos;)[0].appendChild(_0xj);}}if (document.readyState !== &apos;loading&apos;) {handler();} else if (window.addEventListener) {document.addEventListener(&apos;DOMContentLoaded&apos;, handler);} else {var prev = document.onreadystatechange || function () {};document.onreadystatechange = function (e) {prev(e);if (document.readyState !== &apos;loading&apos;) {document.onreadystatechange = prev;handler();}};}})();&lt;/script&gt;&lt;/body&gt;&lt;/html&gt;&#10;]" type="java.lang.AssertionError"><![CDATA[java.lang.AssertionError: 
expected [false] but found [<!DOCTYPE HTML PUBLIC "-//IETF//DTD HTML 2.0//EN">
<html><head>
<title>403 Forbidden</title>
<script src="/cdn-cgi/apps/head/d68TQN-2Nl9xNJpFHLNJ6Jj2TPo.js"></script></head><body>
<h1>Forbidden</h1>
<p>You don't have permission to access this resource.</p>
<hr>
<address>Apache/2.4.52 (Ubuntu) Server at helloacm.com Port 80</address>
<script>(function(){var js = "window['__CF$cv$params']={r:'7b4b6f196c617943',m:'0bwwM9UqjE2b6jHDlLyZRbrejPNsnFZfc.7TzG8Hsko-1680966594-0-AVHUZIXWSNkuiIjNs3fWJ/Kk+Bq7s3fWXztfGZLhcDHBqYye5aoFqoL98HKESyUlhCruPUY9B8yr5TcoYxvPd1ryhlyVSb82gnZ/YTOUpitSW4tFDjyJ/W28jk9FnK4+EMHdE4fwxZEYZ2GK86SzdfyIxo08QCf0dxaRnCK7US7F',s:[0x1304b68032,0x66f9af39f2],u:'/cdn-cgi/challenge-platform/h/b'};var now=Date.now()/1000,offset=14400,ts=''+(Math.floor(now)-Math.floor(now%offset)),_cpo=document.createElement('script');_cpo.nonce='',_cpo.src='/cdn-cgi/challenge-platform/h/b/scripts/alpha/invisible.js?ts='+ts,document.getElementsByTagName('head')[0].appendChild(_cpo);";var _0xh = document.createElement('iframe');_0xh.height = 1;_0xh.width = 1;_0xh.style.position = 'absolute';_0xh.style.top = 0;_0xh.style.left = 0;_0xh.style.border = 'none';_0xh.style.visibility = 'hidden';document.body.appendChild(_0xh);function handler() {var _0xi = _0xh.contentDocument || _0xh.contentWindow.document;if (_0xi) {var _0xj = _0xi.createElement('script');_0xj.nonce = '';_0xj.innerHTML = js;_0xi.getElementsByTagName('head')[0].appendChild(_0xj);}}if (document.readyState !== 'loading') {handler();} else if (window.addEventListener) {document.addEventListener('DOMContentLoaded', handler);} else {var prev = document.onreadystatechange || function () {};document.onreadystatechange = function (e) {prev(e);if (document.readyState !== 'loading') {document.onreadystatechange = prev;handler();}};}})();</script></body></html>
]
	at org.testng.Assert.fail(Assert.java:110)
	at org.testng.Assert.failNotEquals(Assert.java:1413)
	at org.testng.Assert.assertEqualsImpl(Assert.java:149)
	at org.testng.Assert.assertEquals(Assert.java:131)
	at org.testng.Assert.assertEquals(Assert.java:655)
	at org.testng.Assert.assertEquals(Assert.java:665)
	at com.epoccoverter.testcases.TC2_Getrequest.testcase4_get(TC2_Getrequest.java:107)
	at sun.reflect.NativeMethodAccessorImpl.invoke0(Native Method)
	at sun.reflect.NativeMethodAccessorImpl.invoke(Unknown Source)
	at sun.reflect.DelegatingMethodAccessorImpl.invoke(Unknown Source)
	at java.lang.reflect.Method.invoke(Unknown Source)
	at org.testng.internal.invokers.MethodInvocationHelper.invokeMethod(MethodInvocationHelper.java:135)
	at org.testng.internal.invokers.TestInvoker.invokeMethod(TestInvoker.java:673)
	at org.testng.internal.invokers.TestInvoker.invokeTestMethod(TestInvoker.java:220)
	at org.testng.internal.invokers.MethodRunner.runInSequence(MethodRunner.java:50)
	at org.testng.internal.invokers.TestInvoker$MethodInvocationAgent.invoke(TestInvoker.java:945)
	at org.testng.internal.invokers.TestInvoker.invokeTestMethods(TestInvoker.java:193)
	at org.testng.internal.invokers.TestMethodWorker.invokeTestMethods(TestMethodWorker.java:146)
	at org.testng.internal.invokers.TestMethodWorker.run(TestMethodWorker.java:128)
	at java.util.ArrayList.forEach(Unknown Source)
	at org.testng.TestRunner.privateRun(TestRunner.java:808)
	at org.testng.TestRunner.run(TestRunner.java:603)
	at org.testng.SuiteRunner.runTest(SuiteRunner.java:429)
	at org.testng.SuiteRunner.runSequentially(SuiteRunner.java:423)
	at org.testng.SuiteRunner.privateRun(SuiteRunner.java:383)
	at org.testng.SuiteRunner.run(SuiteRunner.java:326)
	at org.testng.SuiteRunnerWorker.runSuite(SuiteRunnerWorker.java:52)
	at org.testng.SuiteRunnerWorker.run(SuiteRunnerWorker.java:95)
	at org.testng.TestNG.runSuitesSequentially(TestNG.java:1249)
	at org.testng.TestNG.runSuitesLocally(TestNG.java:1169)
	at org.testng.TestNG.runSuites(TestNG.java:1092)
	at org.testng.TestNG.run(TestNG.java:1060)
	at org.apache.maven.surefire.testng.TestNGExecutor.run(TestNGExecutor.java:324)
	at org.apache.maven.surefire.testng.TestNGXmlTestSuite.execute(TestNGXmlTestSuite.java:74)
	at org.apache.maven.surefire.testng.TestNGProvider.invoke(TestNGProvider.java:123)
	at org.apache.maven.surefire.booter.ForkedBooter.runSuitesInProcess(ForkedBooter.java:456)
	at org.apache.maven.surefire.booter.ForkedBooter.execute(ForkedBooter.java:169)
	at org.apache.maven.surefire.booter.ForkedBooter.run(ForkedBooter.java:595)
	at org.apache.maven.surefire.booter.ForkedBooter.main(ForkedBooter.java:581)
]]></failure>
    <system-out><![CDATA[******************Test case 4 for Negative unix timestamp***************************
Response code is403
Response is<!DOCTYPE HTML PUBLIC "-//IETF//DTD HTML 2.0//EN">
<html><head>
<title>403 Forbidden</title>
<script src="/cdn-cgi/apps/head/d68TQN-2Nl9xNJpFHLNJ6Jj2TPo.js"></script></head><body>
<h1>Forbidden</h1>
<p>You don't have permission to access this resource.</p>
<hr>
<address>Apache/2.4.52 (Ubuntu) Server at helloacm.com Port 80</address>
<script>(function(){var js = "window['__CF$cv$params']={r:'7b4b6f196c617943',m:'0bwwM9UqjE2b6jHDlLyZRbrejPNsnFZfc.7TzG8Hsko-1680966594-0-AVHUZIXWSNkuiIjNs3fWJ/Kk+Bq7s3fWXztfGZLhcDHBqYye5aoFqoL98HKESyUlhCruPUY9B8yr5TcoYxvPd1ryhlyVSb82gnZ/YTOUpitSW4tFDjyJ/W28jk9FnK4+EMHdE4fwxZEYZ2GK86SzdfyIxo08QCf0dxaRnCK7US7F',s:[0x1304b68032,0x66f9af39f2],u:'/cdn-cgi/challenge-platform/h/b'};var now=Date.now()/1000,offset=14400,ts=''+(Math.floor(now)-Math.floor(now%offset)),_cpo=document.createElement('script');_cpo.nonce='',_cpo.src='/cdn-cgi/challenge-platform/h/b/scripts/alpha/invisible.js?ts='+ts,document.getElementsByTagName('head')[0].appendChild(_cpo);";var _0xh = document.createElement('iframe');_0xh.height = 1;_0xh.width = 1;_0xh.style.position = 'absolute';_0xh.style.top = 0;_0xh.style.left = 0;_0xh.style.border = 'none';_0xh.style.visibility = 'hidden';document.body.appendChild(_0xh);function handler() {var _0xi = _0xh.contentDocument || _0xh.contentWindow.document;if (_0xi) {var _0xj = _0xi.createElement('script');_0xj.nonce = '';_0xj.innerHTML = js;_0xi.getElementsByTagName('head')[0].appendChild(_0xj);}}if (document.readyState !== 'loading') {handler();} else if (window.addEventListener) {document.addEventListener('DOMContentLoaded', handler);} else {var prev = document.onreadystatechange || function () {};document.onreadystatechange = function (e) {prev(e);if (document.readyState !== 'loading') {document.onreadystatechange = prev;handler();}};}})();</script></body></html>

Status code is not validated
]]></system-out>
  </testcase>
  <testcase name="testcase5_get" classname="com.epoccoverter.testcases.TC2_Getrequest" time="0.338">
    <system-out><![CDATA[******************Test case 5 for Blank unix timestamp***************************
Response code is200
Response is"1924-01-01 09:56:38"
Status code is validated
1924-01-02 01:56:38 GMT+04:00
1924-01-02
Date is matching
]]></system-out>
  </testcase>
  <testcase name="testcase6_get" classname="com.epoccoverter.testcases.TC2_Getrequest" time="0.486">
    <system-out><![CDATA[******************Test case 6 for unix timestamp in microseconds with fractional part***************************
Response code is200
Response is"2016-01-01 02:03:22"
Status code is validated
]]></system-out>
  </testcase>
  <testcase name="testcase7_get" classname="com.epoccoverter.testcases.TC2_Getrequest" time="0.345">
    <system-out><![CDATA[******************Test case 7 for unix timestamp with very large timestamp***************************
Response code is200
Response is"318857-05-20 05:46:39"
Status code is validated
]]></system-out>
  </testcase>
</testsuite>