<?xml version="1.0" encoding="UTF-8"?>
<testng-results skipped="0" failed="1" ignored="0" total="7" passed="6">
  <reporter-output>
  </reporter-output>
  <suite name="Suite" duration-ms="7020" started-at="2023-04-09T04:12:25 IST" finished-at="2023-04-09T04:12:32 IST">
    <groups>
    </groups>
    <test name="Test" duration-ms="7020" started-at="2023-04-09T04:12:25 IST" finished-at="2023-04-09T04:12:32 IST">
      <class name="com.epoccoverter.testcases.TC01_Getrequest">
        <test-method status="PASS" signature="setup()[pri:0, instance:com.epoccoverter.testcases.TC01_Getrequest@51e2adc7]" name="setup" is-config="true" duration-ms="388" started-at="2023-04-09T04:12:25 IST" finished-at="2023-04-09T04:12:25 IST">
          <reporter-output>
          </reporter-output>
        </test-method> <!-- setup -->
        <test-method status="PASS" signature="testcase1_get()[pri:0, instance:com.epoccoverter.testcases.TC01_Getrequest@51e2adc7]" name="testcase1_get" duration-ms="1690" started-at="2023-04-09T04:12:25 IST" finished-at="2023-04-09T04:12:27 IST">
          <reporter-output>
          </reporter-output>
        </test-method> <!-- testcase1_get -->
        <test-method status="PASS" signature="testcase2_invalidtimestamp()[pri:0, instance:com.epoccoverter.testcases.TC01_Getrequest@51e2adc7]" name="testcase2_invalidtimestamp" duration-ms="886" started-at="2023-04-09T04:12:27 IST" finished-at="2023-04-09T04:12:28 IST">
          <reporter-output>
          </reporter-output>
        </test-method> <!-- testcase2_invalidtimestamp -->
        <test-method status="PASS" signature="testcase3_get()[pri:0, instance:com.epoccoverter.testcases.TC01_Getrequest@51e2adc7]" name="testcase3_get" duration-ms="276" started-at="2023-04-09T04:12:28 IST" finished-at="2023-04-09T04:12:28 IST">
          <reporter-output>
          </reporter-output>
        </test-method> <!-- testcase3_get -->
        <test-method status="PASS" signature="testcase4_get()[pri:0, instance:com.epoccoverter.testcases.TC01_Getrequest@51e2adc7]" name="testcase4_get" duration-ms="400" started-at="2023-04-09T04:12:28 IST" finished-at="2023-04-09T04:12:29 IST">
          <reporter-output>
          </reporter-output>
        </test-method> <!-- testcase4_get -->
        <test-method status="PASS" signature="testcase5_get()[pri:0, instance:com.epoccoverter.testcases.TC01_Getrequest@51e2adc7]" name="testcase5_get" duration-ms="290" started-at="2023-04-09T04:12:29 IST" finished-at="2023-04-09T04:12:29 IST">
          <reporter-output>
          </reporter-output>
        </test-method> <!-- testcase5_get -->
        <test-method status="PASS" signature="testcase6_get()[pri:0, instance:com.epoccoverter.testcases.TC01_Getrequest@51e2adc7]" name="testcase6_get" duration-ms="1291" started-at="2023-04-09T04:12:29 IST" finished-at="2023-04-09T04:12:30 IST">
          <reporter-output>
          </reporter-output>
        </test-method> <!-- testcase6_get -->
        <test-method status="FAIL" signature="testcase7_get()[pri:0, instance:com.epoccoverter.testcases.TC01_Getrequest@51e2adc7]" name="testcase7_get" duration-ms="1557" started-at="2023-04-09T04:12:30 IST" finished-at="2023-04-09T04:12:32 IST">
          <exception class="java.time.format.DateTimeParseException">
            <message>
              <![CDATA[Text '318857-05-20 21:46:39 GMT+04:00' could not be parsed at index 0]]>
            </message>
            <full-stacktrace>
              <![CDATA[java.time.format.DateTimeParseException: Text '318857-05-20 21:46:39 GMT+04:00' could not be parsed at index 0
at java.time.format.DateTimeFormatter.parseResolved0(Unknown Source)
at java.time.format.DateTimeFormatter.parse(Unknown Source)
at java.time.LocalDate.parse(Unknown Source)
at com.epocconverter.responsevalidation.Responsevalidation.datevalidation(Responsevalidation.java:40)
at com.epoccoverter.testcases.TC01_Getrequest.testcase7_get(TC01_Getrequest.java:195)
at sun.reflect.NativeMethodAccessorImpl.invoke0(Native Method)
at sun.reflect.NativeMethodAccessorImpl.invoke(Unknown Source)
at sun.reflect.DelegatingMethodAccessorImpl.invoke(Unknown Source)
at java.lang.reflect.Method.invoke(Unknown Source)
at org.testng.internal.invokers.MethodInvocationHelper.invokeMethod(MethodInvocationHelper.java:135)
at org.testng.internal.invokers.TestInvoker.invokeMethod(TestInvoker.java:673)
at org.testng.internal.invokers.TestInvoker.invokeTestMethod(TestInvoker.java:220)
at org.testng.internal.invokers.MethodRunner.runInSequence(MethodRunner.java:50)
at org.testng.internal.invokers.TestInvoker$MethodInvocationAgent.invoke(TestInvoker.java:945)
at org.testng.internal.invokers.TestInvoker.invokeTestMethods(TestInvoker.java:193)
at org.testng.internal.invokers.TestMethodWorker.invokeTestMethods(TestMethodWorker.java:146)
at org.testng.internal.invokers.TestMethodWorker.run(TestMethodWorker.java:128)
at java.util.ArrayList.forEach(Unknown Source)
at org.testng.TestRunner.privateRun(TestRunner.java:808)
at org.testng.TestRunner.run(TestRunner.java:603)
at org.testng.SuiteRunner.runTest(SuiteRunner.java:429)
at org.testng.SuiteRunner.runSequentially(SuiteRunner.java:423)
at org.testng.SuiteRunner.privateRun(SuiteRunner.java:383)
at org.testng.SuiteRunner.run(SuiteRunner.java:326)
at org.testng.SuiteRunnerWorker.runSuite(SuiteRunnerWorker.java:52)
at org.testng.SuiteRunnerWorker.run(SuiteRunnerWorker.java:95)
at org.testng.TestNG.runSuitesSequentially(TestNG.java:1249)
at org.testng.TestNG.runSuitesLocally(TestNG.java:1169)
at org.testng.TestNG.runSuites(TestNG.java:1092)
at org.testng.TestNG.run(TestNG.java:1060)
at org.apache.maven.surefire.testng.TestNGExecutor.run(TestNGExecutor.java:324)
at org.apache.maven.surefire.testng.TestNGXmlTestSuite.execute(TestNGXmlTestSuite.java:74)
at org.apache.maven.surefire.testng.TestNGProvider.invoke(TestNGProvider.java:123)
at org.apache.maven.surefire.booter.ForkedBooter.runSuitesInProcess(ForkedBooter.java:456)
at org.apache.maven.surefire.booter.ForkedBooter.execute(ForkedBooter.java:169)
at org.apache.maven.surefire.booter.ForkedBooter.run(ForkedBooter.java:595)
at org.apache.maven.surefire.booter.ForkedBooter.main(ForkedBooter.java:581)
]]>
            </full-stacktrace>
          </exception> <!-- java.time.format.DateTimeParseException -->
          <reporter-output>
          </reporter-output>
        </test-method> <!-- testcase7_get -->
      </class> <!-- com.epoccoverter.testcases.TC01_Getrequest -->
    </test> <!-- Test -->
  </suite> <!-- Suite -->
</testng-results>
