<?xml version="1.0" encoding="UTF-8"?>
<testng-results skipped="0" failed="1" ignored="0" total="7" passed="6">
  <reporter-output>
  </reporter-output>
  <suite name="Suite" duration-ms="5017" started-at="2023-04-09T03:55:52 IST" finished-at="2023-04-09T03:55:57 IST">
    <groups>
    </groups>
    <test name="Test" duration-ms="5017" started-at="2023-04-09T03:55:52 IST" finished-at="2023-04-09T03:55:57 IST">
      <class name="com.epoccoverter.testcases.TC01_Getrequest">
        <test-method status="PASS" signature="setup()[pri:0, instance:com.epoccoverter.testcases.TC01_Getrequest@7cbd213e]" name="setup" is-config="true" duration-ms="371" started-at="2023-04-09T03:55:52 IST" finished-at="2023-04-09T03:55:52 IST">
          <reporter-output>
          </reporter-output>
        </test-method> <!-- setup -->
        <test-method status="PASS" signature="testcase1_get()[pri:0, instance:com.epoccoverter.testcases.TC01_Getrequest@7cbd213e]" name="testcase1_get" duration-ms="1696" started-at="2023-04-09T03:55:52 IST" finished-at="2023-04-09T03:55:54 IST">
          <reporter-output>
          </reporter-output>
        </test-method> <!-- testcase1_get -->
        <test-method status="PASS" signature="testcase2_invalidtimestamp()[pri:0, instance:com.epoccoverter.testcases.TC01_Getrequest@7cbd213e]" name="testcase2_invalidtimestamp" duration-ms="364" started-at="2023-04-09T03:55:54 IST" finished-at="2023-04-09T03:55:54 IST">
          <reporter-output>
          </reporter-output>
        </test-method> <!-- testcase2_invalidtimestamp -->
        <test-method status="PASS" signature="testcase3_get()[pri:0, instance:com.epoccoverter.testcases.TC01_Getrequest@7cbd213e]" name="testcase3_get" duration-ms="322" started-at="2023-04-09T03:55:54 IST" finished-at="2023-04-09T03:55:55 IST">
          <reporter-output>
          </reporter-output>
        </test-method> <!-- testcase3_get -->
        <test-method status="PASS" signature="testcase4_get()[pri:0, instance:com.epoccoverter.testcases.TC01_Getrequest@7cbd213e]" name="testcase4_get" duration-ms="259" started-at="2023-04-09T03:55:55 IST" finished-at="2023-04-09T03:55:55 IST">
          <reporter-output>
          </reporter-output>
        </test-method> <!-- testcase4_get -->
        <test-method status="PASS" signature="testcase5_get()[pri:0, instance:com.epoccoverter.testcases.TC01_Getrequest@7cbd213e]" name="testcase5_get" duration-ms="240" started-at="2023-04-09T03:55:55 IST" finished-at="2023-04-09T03:55:55 IST">
          <reporter-output>
          </reporter-output>
        </test-method> <!-- testcase5_get -->
        <test-method status="PASS" signature="testcase6_get()[pri:0, instance:com.epoccoverter.testcases.TC01_Getrequest@7cbd213e]" name="testcase6_get" duration-ms="1267" started-at="2023-04-09T03:55:55 IST" finished-at="2023-04-09T03:55:56 IST">
          <reporter-output>
          </reporter-output>
        </test-method> <!-- testcase6_get -->
        <test-method status="FAIL" signature="testcase7_get()[pri:0, instance:com.epoccoverter.testcases.TC01_Getrequest@7cbd213e]" name="testcase7_get" duration-ms="236" started-at="2023-04-09T03:55:56 IST" finished-at="2023-04-09T03:55:57 IST">
          <exception class="java.time.format.DateTimeParseException">
            <message>
              <![CDATA[Text '318857-05-20 21:46:39 GMT+04:00' could not be parsed at index 0]]>
            </message>
            <full-stacktrace>
              <![CDATA[java.time.format.DateTimeParseException: Text '318857-05-20 21:46:39 GMT+04:00' could not be parsed at index 0
at java.time.format.DateTimeFormatter.parseResolved0(Unknown Source)
at java.time.format.DateTimeFormatter.parse(Unknown Source)
at java.time.LocalDate.parse(Unknown Source)
at com.epocconverter.responsevalidation.Responsevalidation.datevalidation(Responsevalidation.java:40)
at com.epoccoverter.testcases.TC01_Getrequest.testcase7_get(TC01_Getrequest.java:252)
at sun.reflect.NativeMethodAccessorImpl.invoke0(Native Method)
at sun.reflect.NativeMethodAccessorImpl.invoke(Unknown Source)
at sun.reflect.DelegatingMethodAccessorImpl.invoke(Unknown Source)
at java.lang.reflect.Method.invoke(Unknown Source)
at org.testng.internal.invokers.MethodInvocationHelper.invokeMethod(MethodInvocationHelper.java:135)
at org.testng.internal.invokers.TestInvoker.invokeMethod(TestInvoker.java:673)
at org.testng.internal.invokers.TestInvoker.invokeTestMethod(TestInvoker.java:220)
at org.testng.internal.invokers.MethodRunner.runInSequence(MethodRunner.java:50)
at org.testng.internal.invokers.TestInvoker$MethodInvocationAgent.invoke(TestInvoker.java:945)
at org.testng.internal.invokers.TestInvoker.invokeTestMethods(TestInvoker.java:193)
at org.testng.internal.invokers.TestMethodWorker.invokeTestMethods(TestMethodWorker.java:146)
at org.testng.internal.invokers.TestMethodWorker.run(TestMethodWorker.java:128)
at java.util.ArrayList.forEach(Unknown Source)
at org.testng.TestRunner.privateRun(TestRunner.java:808)
at org.testng.TestRunner.run(TestRunner.java:603)
at org.testng.SuiteRunner.runTest(SuiteRunner.java:429)
at org.testng.SuiteRunner.runSequentially(SuiteRunner.java:423)
at org.testng.SuiteRunner.privateRun(SuiteRunner.java:383)
at org.testng.SuiteRunner.run(SuiteRunner.java:326)
at org.testng.SuiteRunnerWorker.runSuite(SuiteRunnerWorker.java:52)
at org.testng.SuiteRunnerWorker.run(SuiteRunnerWorker.java:95)
at org.testng.TestNG.runSuitesSequentially(TestNG.java:1249)
at org.testng.TestNG.runSuitesLocally(TestNG.java:1169)
at org.testng.TestNG.runSuites(TestNG.java:1092)
at org.testng.TestNG.run(TestNG.java:1060)
at org.testng.remote.AbstractRemoteTestNG.run(AbstractRemoteTestNG.java:115)
at org.testng.remote.RemoteTestNG.initAndRun(RemoteTestNG.java:251)
at org.testng.remote.RemoteTestNG.main(RemoteTestNG.java:77)
]]>
            </full-stacktrace>
          </exception> <!-- java.time.format.DateTimeParseException -->
          <reporter-output>
          </reporter-output>
        </test-method> <!-- testcase7_get -->
      </class> <!-- com.epoccoverter.testcases.TC01_Getrequest -->
    </test> <!-- Test -->
  </suite> <!-- Suite -->
</testng-results>
